<?xml version="1.0" encoding="UTF-8"?>
<testng-results skipped="0" failed="0" ignored="0" total="21" passed="21">
  <reporter-output>
  </reporter-output>
  <suite name="Default suite" duration-ms="47069" started-at="2018-10-24T08:25:31Z" finished-at="2018-10-24T08:26:19Z">
    <groups>
    </groups>
    <test name="Default test" duration-ms="47069" started-at="2018-10-24T08:25:31Z" finished-at="2018-10-24T08:26:19Z">
      <class name="SeleniumTest.BradyTest">
        <test-method status="PASS" signature="setUp()[pri:1, instance:SeleniumTest.BradyTest@28feb3fa]" name="setUp" duration-ms="6471" started-at="2018-10-24T08:25:32Z" finished-at="2018-10-24T08:25:38Z">
          <reporter-output>
          </reporter-output>
        </test-method> <!-- setUp -->
        <test-method status="PASS" signature="launchBrowser()[pri:2, instance:SeleniumTest.BradyTest@28feb3fa]" name="launchBrowser" duration-ms="20597" started-at="2018-10-24T08:25:38Z" finished-at="2018-10-24T08:25:59Z">
          <reporter-output>
          </reporter-output>
        </test-method> <!-- launchBrowser -->
        <test-method status="PASS" signature="SignIn()[pri:3, instance:SeleniumTest.BradyTest@28feb3fa]" name="SignIn" duration-ms="4026" started-at="2018-10-24T08:25:59Z" finished-at="2018-10-24T08:26:03Z">
          <reporter-output>
          </reporter-output>
        </test-method> <!-- SignIn -->
        <test-method status="PASS" signature="chkPerInfo()[pri:4, instance:SeleniumTest.BradyTest@28feb3fa]" name="chkPerInfo" duration-ms="1132" started-at="2018-10-24T08:26:03Z" finished-at="2018-10-24T08:26:04Z">
          <reporter-output>
          </reporter-output>
        </test-method> <!-- chkPerInfo -->
        <test-method status="PASS" signature="checkingShoppingCartStatus()[pri:5, instance:SeleniumTest.BradyTest@28feb3fa]" name="checkingShoppingCartStatus" duration-ms="1357" started-at="2018-10-24T08:26:04Z" finished-at="2018-10-24T08:26:05Z">
          <reporter-output>
          </reporter-output>
        </test-method> <!-- checkingShoppingCartStatus -->
        <test-method status="PASS" signature="clickWomenButton()[pri:6, instance:SeleniumTest.BradyTest@28feb3fa]" name="clickWomenButton" duration-ms="1880" started-at="2018-10-24T08:26:05Z" finished-at="2018-10-24T08:26:07Z">
          <reporter-output>
          </reporter-output>
        </test-method> <!-- clickWomenButton -->
        <test-method status="PASS" signature="selectPinkCheckBox()[pri:7, instance:SeleniumTest.BradyTest@28feb3fa]" name="selectPinkCheckBox" duration-ms="93" started-at="2018-10-24T08:26:07Z" finished-at="2018-10-24T08:26:07Z">
          <reporter-output>
          </reporter-output>
        </test-method> <!-- selectPinkCheckBox -->
        <test-method status="PASS" signature="selectProduct()[pri:8, instance:SeleniumTest.BradyTest@28feb3fa]" name="selectProduct" duration-ms="1666" started-at="2018-10-24T08:26:07Z" finished-at="2018-10-24T08:26:09Z">
          <reporter-output>
          </reporter-output>
        </test-method> <!-- selectProduct -->
        <test-method status="PASS" signature="addProduct()[pri:9, instance:SeleniumTest.BradyTest@28feb3fa]" name="addProduct" duration-ms="1944" started-at="2018-10-24T08:26:09Z" finished-at="2018-10-24T08:26:11Z">
          <reporter-output>
          </reporter-output>
        </test-method> <!-- addProduct -->
        <test-method status="PASS" signature="viewAllSpecials()[pri:10, instance:SeleniumTest.BradyTest@28feb3fa]" name="viewAllSpecials" duration-ms="1491" started-at="2018-10-24T08:26:11Z" finished-at="2018-10-24T08:26:12Z">
          <reporter-output>
          </reporter-output>
        </test-method> <!-- viewAllSpecials -->
        <test-method status="PASS" signature="addProducts1()[pri:11, instance:SeleniumTest.BradyTest@28feb3fa]" name="addProducts1" duration-ms="100" started-at="2018-10-24T08:26:12Z" finished-at="2018-10-24T08:26:12Z">
          <reporter-output>
          </reporter-output>
        </test-method> <!-- addProducts1 -->
        <test-method status="PASS" signature="addProducts2()[pri:12, instance:SeleniumTest.BradyTest@28feb3fa]" name="addProducts2" duration-ms="88" started-at="2018-10-24T08:26:12Z" finished-at="2018-10-24T08:26:12Z">
          <reporter-output>
          </reporter-output>
        </test-method> <!-- addProducts2 -->
        <test-method status="PASS" signature="navigateToShoppingcart()[pri:13, instance:SeleniumTest.BradyTest@28feb3fa]" name="navigateToShoppingcart" duration-ms="1970" started-at="2018-10-24T08:26:12Z" finished-at="2018-10-24T08:26:14Z">
          <reporter-output>
          </reporter-output>
        </test-method> <!-- navigateToShoppingcart -->
        <test-method status="PASS" signature="totalNoOfItems()[pri:14, instance:SeleniumTest.BradyTest@28feb3fa]" name="totalNoOfItems" duration-ms="44" started-at="2018-10-24T08:26:14Z" finished-at="2018-10-24T08:26:14Z">
          <reporter-output>
          </reporter-output>
        </test-method> <!-- totalNoOfItems -->
        <test-method status="PASS" signature="discountPriceCheck()[pri:15, instance:SeleniumTest.BradyTest@28feb3fa]" name="discountPriceCheck" duration-ms="0" started-at="2018-10-24T08:26:14Z" finished-at="2018-10-24T08:26:14Z">
          <reporter-output>
          </reporter-output>
        </test-method> <!-- discountPriceCheck -->
        <test-method status="PASS" signature="navigateToDressesSection()[pri:16, instance:SeleniumTest.BradyTest@28feb3fa]" name="navigateToDressesSection" duration-ms="1464" started-at="2018-10-24T08:26:14Z" finished-at="2018-10-24T08:26:16Z">
          <reporter-output>
          </reporter-output>
        </test-method> <!-- navigateToDressesSection -->
        <test-method status="PASS" signature="filterItems_LowestFirst()[pri:17, instance:SeleniumTest.BradyTest@28feb3fa]" name="filterItems_LowestFirst" duration-ms="104" started-at="2018-10-24T08:26:16Z" finished-at="2018-10-24T08:26:16Z">
          <reporter-output>
          </reporter-output>
        </test-method> <!-- filterItems_LowestFirst -->
        <test-method status="PASS" signature="filterItems_HighestFirst()[pri:18, instance:SeleniumTest.BradyTest@28feb3fa]" name="filterItems_HighestFirst" duration-ms="95" started-at="2018-10-24T08:26:16Z" finished-at="2018-10-24T08:26:16Z">
          <reporter-output>
          </reporter-output>
        </test-method> <!-- filterItems_HighestFirst -->
        <test-method status="PASS" signature="filterItems_ProductName_ZToA()[pri:19, instance:SeleniumTest.BradyTest@28feb3fa]" name="filterItems_ProductName_ZToA" duration-ms="91" started-at="2018-10-24T08:26:16Z" finished-at="2018-10-24T08:26:16Z">
          <reporter-output>
          </reporter-output>
        </test-method> <!-- filterItems_ProductName_ZToA -->
        <test-method status="PASS" signature="signOut()[pri:20, instance:SeleniumTest.BradyTest@28feb3fa]" name="signOut" duration-ms="2252" started-at="2018-10-24T08:26:16Z" finished-at="2018-10-24T08:26:18Z">
          <reporter-output>
          </reporter-output>
        </test-method> <!-- signOut -->
        <test-method status="PASS" signature="closeBrowser()[pri:21, instance:SeleniumTest.BradyTest@28feb3fa]" name="closeBrowser" duration-ms="135" started-at="2018-10-24T08:26:18Z" finished-at="2018-10-24T08:26:19Z">
          <reporter-output>
          </reporter-output>
        </test-method> <!-- closeBrowser -->
      </class> <!-- SeleniumTest.BradyTest -->
    </test> <!-- Default test -->
  </suite> <!-- Default suite -->
</testng-results>
