<?xml version="1.0" encoding="UTF-8"?>
<testng-results skipped="0" failed="0" ignored="0" total="20" passed="20">
  <reporter-output>
  </reporter-output>
  <suite name="Default suite" duration-ms="52850" started-at="2018-10-24T15:34:27Z" finished-at="2018-10-24T15:35:20Z">
    <groups>
    </groups>
    <test name="Default test" duration-ms="52850" started-at="2018-10-24T15:34:27Z" finished-at="2018-10-24T15:35:20Z">
      <class name="SeleniumTest.BradyTest">
        <test-method status="PASS" signature="setup()[pri:0, instance:SeleniumTest.BradyTest@cc285f4]" name="setup" is-config="true" duration-ms="515" started-at="2018-10-24T15:34:28Z" finished-at="2018-10-24T15:34:28Z">
          <reporter-output>
          </reporter-output>
        </test-method> <!-- setup -->
        <test-method status="PASS" signature="setUp()[pri:1, instance:SeleniumTest.BradyTest@cc285f4]" name="setUp" duration-ms="14030" started-at="2018-10-24T15:34:28Z" finished-at="2018-10-24T15:34:42Z">
          <reporter-output>
          </reporter-output>
        </test-method> <!-- setUp -->
        <test-method status="PASS" signature="launchBrowser()[pri:2, instance:SeleniumTest.BradyTest@cc285f4]" name="launchBrowser" duration-ms="10677" started-at="2018-10-24T15:34:42Z" finished-at="2018-10-24T15:34:53Z">
          <reporter-output>
          </reporter-output>
        </test-method> <!-- launchBrowser -->
        <test-method status="PASS" signature="SignIn()[pri:3, instance:SeleniumTest.BradyTest@cc285f4]" name="SignIn" duration-ms="4755" started-at="2018-10-24T15:34:53Z" finished-at="2018-10-24T15:34:58Z">
          <reporter-output>
          </reporter-output>
        </test-method> <!-- SignIn -->
        <test-method status="PASS" signature="chkPerInfo()[pri:4, instance:SeleniumTest.BradyTest@cc285f4]" name="chkPerInfo" duration-ms="1063" started-at="2018-10-24T15:34:58Z" finished-at="2018-10-24T15:34:59Z">
          <reporter-output>
          </reporter-output>
        </test-method> <!-- chkPerInfo -->
        <test-method status="PASS" signature="checkingShoppingCartStatus()[pri:5, instance:SeleniumTest.BradyTest@cc285f4]" name="checkingShoppingCartStatus" duration-ms="1798" started-at="2018-10-24T15:34:59Z" finished-at="2018-10-24T15:35:00Z">
          <reporter-output>
          </reporter-output>
        </test-method> <!-- checkingShoppingCartStatus -->
        <test-method status="PASS" signature="clickWomenButton()[pri:6, instance:SeleniumTest.BradyTest@cc285f4]" name="clickWomenButton" duration-ms="2412" started-at="2018-10-24T15:35:00Z" finished-at="2018-10-24T15:35:03Z">
          <reporter-output>
          </reporter-output>
        </test-method> <!-- clickWomenButton -->
        <test-method status="PASS" signature="selectPinkCheckBox()[pri:7, instance:SeleniumTest.BradyTest@cc285f4]" name="selectPinkCheckBox" duration-ms="80" started-at="2018-10-24T15:35:03Z" finished-at="2018-10-24T15:35:03Z">
          <reporter-output>
          </reporter-output>
        </test-method> <!-- selectPinkCheckBox -->
        <test-method status="PASS" signature="selectProduct()[pri:8, instance:SeleniumTest.BradyTest@cc285f4]" name="selectProduct" duration-ms="1718" started-at="2018-10-24T15:35:03Z" finished-at="2018-10-24T15:35:05Z">
          <reporter-output>
          </reporter-output>
        </test-method> <!-- selectProduct -->
        <test-method status="PASS" signature="addProduct()[pri:9, instance:SeleniumTest.BradyTest@cc285f4]" name="addProduct" duration-ms="2575" started-at="2018-10-24T15:35:05Z" finished-at="2018-10-24T15:35:07Z">
          <reporter-output>
          </reporter-output>
        </test-method> <!-- addProduct -->
        <test-method status="PASS" signature="viewAllSpecials()[pri:10, instance:SeleniumTest.BradyTest@cc285f4]" name="viewAllSpecials" duration-ms="1859" started-at="2018-10-24T15:35:07Z" finished-at="2018-10-24T15:35:09Z">
          <reporter-output>
          </reporter-output>
        </test-method> <!-- viewAllSpecials -->
        <test-method status="PASS" signature="addProducts1()[pri:11, instance:SeleniumTest.BradyTest@cc285f4]" name="addProducts1" duration-ms="121" started-at="2018-10-24T15:35:09Z" finished-at="2018-10-24T15:35:09Z">
          <reporter-output>
          </reporter-output>
        </test-method> <!-- addProducts1 -->
        <test-method status="PASS" signature="addProducts2()[pri:12, instance:SeleniumTest.BradyTest@cc285f4]" name="addProducts2" duration-ms="93" started-at="2018-10-24T15:35:09Z" finished-at="2018-10-24T15:35:09Z">
          <reporter-output>
          </reporter-output>
        </test-method> <!-- addProducts2 -->
        <test-method status="PASS" signature="navigateToShoppingcart()[pri:13, instance:SeleniumTest.BradyTest@cc285f4]" name="navigateToShoppingcart" duration-ms="4389" started-at="2018-10-24T15:35:09Z" finished-at="2018-10-24T15:35:14Z">
          <reporter-output>
          </reporter-output>
        </test-method> <!-- navigateToShoppingcart -->
        <test-method status="PASS" signature="totalNoOfItems()[pri:14, instance:SeleniumTest.BradyTest@cc285f4]" name="totalNoOfItems" duration-ms="31" started-at="2018-10-24T15:35:14Z" finished-at="2018-10-24T15:35:14Z">
          <reporter-output>
          </reporter-output>
        </test-method> <!-- totalNoOfItems -->
        <test-method status="PASS" signature="discountPriceCheck()[pri:15, instance:SeleniumTest.BradyTest@cc285f4]" name="discountPriceCheck" duration-ms="1" started-at="2018-10-24T15:35:14Z" finished-at="2018-10-24T15:35:14Z">
          <reporter-output>
          </reporter-output>
        </test-method> <!-- discountPriceCheck -->
        <test-method status="PASS" signature="navigateToDressesSection()[pri:16, instance:SeleniumTest.BradyTest@cc285f4]" name="navigateToDressesSection" duration-ms="1606" started-at="2018-10-24T15:35:14Z" finished-at="2018-10-24T15:35:15Z">
          <reporter-output>
          </reporter-output>
        </test-method> <!-- navigateToDressesSection -->
        <test-method status="PASS" signature="filterItems_LowestFirst()[pri:17, instance:SeleniumTest.BradyTest@cc285f4]" name="filterItems_LowestFirst" duration-ms="110" started-at="2018-10-24T15:35:15Z" finished-at="2018-10-24T15:35:15Z">
          <reporter-output>
          </reporter-output>
        </test-method> <!-- filterItems_LowestFirst -->
        <test-method status="PASS" signature="filterItems_HighestFirst()[pri:18, instance:SeleniumTest.BradyTest@cc285f4]" name="filterItems_HighestFirst" duration-ms="121" started-at="2018-10-24T15:35:15Z" finished-at="2018-10-24T15:35:16Z">
          <reporter-output>
          </reporter-output>
        </test-method> <!-- filterItems_HighestFirst -->
        <test-method status="PASS" signature="filterItems_ProductName_ZToA()[pri:19, instance:SeleniumTest.BradyTest@cc285f4]" name="filterItems_ProductName_ZToA" duration-ms="84" started-at="2018-10-24T15:35:16Z" finished-at="2018-10-24T15:35:16Z">
          <reporter-output>
          </reporter-output>
        </test-method> <!-- filterItems_ProductName_ZToA -->
        <test-method status="PASS" signature="signOut()[pri:20, instance:SeleniumTest.BradyTest@cc285f4]" name="signOut" duration-ms="2526" started-at="2018-10-24T15:35:16Z" finished-at="2018-10-24T15:35:18Z">
          <reporter-output>
          </reporter-output>
        </test-method> <!-- signOut -->
        <test-method status="PASS" signature="closeBrowser()[pri:0, instance:SeleniumTest.BradyTest@cc285f4]" name="closeBrowser" is-config="true" duration-ms="2212" started-at="2018-10-24T15:35:18Z" finished-at="2018-10-24T15:35:20Z">
          <reporter-output>
          </reporter-output>
        </test-method> <!-- closeBrowser -->
      </class> <!-- SeleniumTest.BradyTest -->
    </test> <!-- Default test -->
  </suite> <!-- Default suite -->
</testng-results>
